{"name": "test_errors_number_decrease_after_valid_zip_code_submitted_TC_029", "status": "failed", "statusDetails": {"message": "AssertionError: '8' not greater than '8' : Errors number is not decreasing with required data input", "trace": "self = <tests.pages.test_create_account_page.CreateAccountFormValidRegistration testMethod=test_errors_number_decrease_after_valid_zip_code_submitted_TC_029>\n\n    def test_errors_number_decrease_after_valid_zip_code_submitted_TC_029(self):\n        self.go_to_create_account_form()\n        error_number = self.errors_number_before_and_after(CL.register_button_xpath, CL.zip_rq_xpath,\n                                                           Input.valid_zip_code)\n        print(error_number)\n>       self.assertGreater(error_number[0], error_number[2],\n                           f'Errors number is not decreasing with required data input')\nE       AssertionError: '8' not greater than '8' : Errors number is not decreasing with required data input\n\ntests/pages/test_create_account_page.py:219: AssertionError"}, "attachments": [{"name": "stdout", "source": "64c4576c-d303-49d6-9362-f97a06975345-attachment.txt", "type": "text/plain"}], "start": 1622592369573, "stop": 1622592373507, "uuid": "ff276fe8-11dd-423d-ac87-71adb8344efe", "historyId": "8b505d9798d5859c5b562115afc8d09c", "testCaseId": "cb2206137252620dde13f10f774be3d4", "fullName": "tests.test_suites.testsuite_all_tests.CreateAccountFormValidRegistration#test_errors_number_decrease_after_valid_zip_code_submitted_TC_029", "labels": [{"name": "parentSuite", "value": "tests.test_suites"}, {"name": "suite", "value": "testsuite_all_tests"}, {"name": "subSuite", "value": "CreateAccountFormValidRegistration"}, {"name": "host", "value": "pehaLin"}, {"name": "thread", "value": "96043-MainThread"}, {"name": "framework", "value": "pytest"}, {"name": "language", "value": "cpython3"}, {"name": "package", "value": "tests.test_suites.testsuite_all_tests"}]}